build/app/outputs/mapping/release/seeds.txt
com.shiva.my_news_app.MainActivity
com.shiva.my_news_app.MainActivity: MainActivity()
...
io.flutter.embedding.android.FlutterView: void setVisibility(int)
org.chromium.support_lib_boundary.WebkitToCompatConverterBoundaryInterface: java.lang.reflect.InvocationHandler convertSettings(android.webkit.WebSettings)
androidx.window.embedding.SplitController: boolean isSplitSupported()
androidx.window.core.Bounds: boolean equals(java.lang.Object)
androidx.core.view.WindowInsetsCompat$Impl: void setRootWindowInsets(androidx.core.view.WindowInsetsCompat)
io.flutter.embedding.engine.FlutterJNI: void nativeInit(android.content.Context,java.lang.String[],java.lang.String,java.lang.String,java.lang.String,long)
androidx.window.R$attr: R$attr()
androidx.window.layout.WindowMetricsCalculator$Companion: WindowMetricsCalculator$Companion()
io.flutter.embedding.engine.FlutterJNI: boolean nativeFlutterTextUtilsIsVariationSelector(int)
androidx.window.layout.HardwareFoldingFeature: boolean equals(java.lang.Object)
kotlin.reflect.KVisibility: kotlin.reflect.KVisibility valueOf(java.lang.String)
androidx.window.layout.SidecarAdapter$Companion: SidecarAdapter$Companion(kotlin.jvm.internal.DefaultConstructorMarker)
androidx.window.core.Version: androidx.window.core.Version access$getCURRENT$cp()
org.chromium.support_lib_boundary.WebSettingsBoundaryInterface: void setEnterpriseAuthenticationAppLinkPolicyEnabled(boolean)
io.flutter.embedding.engine.FlutterJNI: FlutterJNI()
androidx.window.layout.FoldingFeature$OcclusionType$Companion: FoldingFeature$OcclusionType$Companion()
androidx.window.embedding.ActivityRule: java.util.Set getFilters()
kotlin.coroutines.AbstractCoroutineContextElement: kotlin.coroutines.CoroutineContext minusKey(kotlin.coroutines.CoroutineContext$Key)
io.flutter.plugins.webviewflutter.InputAwareWebView: void setInputConnectionTarget(android.view.View)
androidx.webkit.internal.ApiHelperForOMR1: void backToSafety(android.webkit.SafeBrowsingResponse,boolean)
androidx.window.layout.ActivityCompatHelperApi30: android.graphics.Rect maximumWindowBounds(android.app.Activity)
org.chromium.support_lib_boundary.ServiceWorkerWebSettingsBoundaryInterface: void setBlockNetworkLoads(boolean)
kotlin.jvm.internal.CallableReference: java.lang.Object callBy(java.util.Map)
androidx.window.layout.HardwareFoldingFeature: boolean isSeparating()
androidx.window.embedding.ActivityFilter: boolean matchesActivity(android.app.Activity)
androidx.window.embedding.MatcherUtils: MatcherUtils()
androidx.window.embedding.SplitPlaceholderRule: int hashCode()
io.flutter.embedding.engine.renderer.FlutterRenderer$DisplayFeatureState: io.flutter.embedding.engine.renderer.FlutterRenderer$DisplayFeatureState[] values()
org.chromium.support_lib_boundary.StaticsBoundaryInterface: void initSafeBrowsing(android.content.Context,android.webkit.ValueCallback)
io.flutter.embedding.android.FlutterSplashView$SavedState: FlutterSplashView$SavedState(android.os.Parcel)
androidx.core.graphics.drawable.IconCompatParcelizer: androidx.core.graphics.drawable.IconCompat read(androidx.versionedparcelable.VersionedParcel)
androidx.window.embedding.SplitPairRule: boolean getClearTop()
androidx.core.view.WindowInsetsCompat$TypeImpl30: int toPlatformType(int)
androidx.window.embedding.SplitPairFilter: android.content.ComponentName getSecondaryActivityName()
kotlin.jvm.internal.FunctionReference: int hashCode()
androidx.window.embedding.ActivityStack: int hashCode()
kotlin.jvm.internal.CallableReference: kotlin.reflect.KDeclarationContainer getOwner()
androidx.window.core.Version$bigInteger$2: Version$bigInteger$2(androidx.window.core.Version)
androidx.window.embedding.ExtensionEmbeddingBackend$Companion: androidx.window.embedding.ExtensionEmbeddingBackend getInstance()
androidx.window.embedding.EmbeddingAdapter: java.util.function.Predicate translateIntentPredicates(java.util.Set)
androidx.core.view.WindowInsetsCompat$Impl: WindowInsetsCompat$Impl(androidx.core.view.WindowInsetsCompat)