build/app/outputs/mapping/release/mapping.txt
# compiler: R8
# compiler_version: 3.3.70
# min_api: 21
# common_typos_disable
# {"id":"com.android.tools.r8.mapping","version":"2.0"}
# pg_map_id: 293c0fe
# pg_map_hash: SHA-256 293c0fef621f1eb52780bbd07f5749862c51db57731e53be4474248159b7c1b4
...
io.flutter.plugin.common.BasicMessageChannel$1 -> e0.a$a:
io.flutter.plugin.common.BasicMessageChannel$IncomingMessageHandler -> e0.a$b:
    io.flutter.plugin.common.BasicMessageChannel$MessageHandler handler -> a
    io.flutter.plugin.common.BasicMessageChannel this$0 -> b
    void onMessage(java.nio.ByteBuffer,io.flutter.plugin.common.BinaryMessenger$BinaryReply) -> a
io.flutter.plugin.common.BasicMessageChannel$IncomingMessageHandler$1 -> e0.a$b$a:
    io.flutter.plugin.common.BinaryMessenger$BinaryReply val$callback -> a
    io.flutter.plugin.common.BasicMessageChannel$IncomingMessageHandler this$1 -> b
    void reply(java.lang.Object) -> a
io.flutter.plugin.common.BasicMessageChannel$IncomingReplyHandler -> e0.a$c:
    io.flutter.plugin.common.BasicMessageChannel$Reply callback -> a
    io.flutter.plugin.common.BasicMessageChannel this$0 -> b
    void reply(java.nio.ByteBuffer) -> a
io.flutter.plugin.common.BasicMessageChannel$MessageHandler -> e0.a$d:
    void onMessage(java.lang.Object,io.flutter.plugin.common.BasicMessageChannel$Reply) -> a
io.flutter.plugin.common.BasicMessageChannel$Reply -> e0.a$e:
    void reply(java.lang.Object) -> a
io.flutter.plugin.common.BinaryMessenger -> e0.c:
    io.flutter.plugin.common.BinaryMessenger$TaskQueue makeBackgroundTaskQueue(io.flutter.plugin.common.BinaryMessenger$TaskQueueOptions) -> a
    io.flutter.plugin.common.BinaryMessenger$TaskQueue makeBackgroundTaskQueue() -> b
    void setMessageHandler(java.lang.String,io.flutter.plugin.common.BinaryMessenger$BinaryMessageHandler) -> c
    void setMessageHandler(java.lang.String,io.flutter.plugin.common.BinaryMessenger$BinaryMessageHandler,io.flutter.plugin.common.BinaryMessenger$TaskQueue) -> e
    void send(java.lang.String,java.nio.ByteBuffer,io.flutter.plugin.common.BinaryMessenger$BinaryReply) -> g
io.flutter.plugin.common.BinaryMessenger$-CC -> e0.b:
# {"id":"sourceFile","fileName":"R8$$SyntheticClass"}
# {"id":"com.android.tools.r8.synthesized"}
    io.flutter.plugin.common.BinaryMessenger$TaskQueue $default$makeBackgroundTaskQueue(io.flutter.plugin.common.BinaryMessenger) -> a
      # {"id":"com.android.tools.r8.synthesized"}
io.flutter.plugin.common.BinaryMessenger$BinaryMessageHandler -> e0.c$a:
    void onMessage(java.nio.ByteBuffer,io.flutter.plugin.common.BinaryMessenger$BinaryReply) -> a
io.flutter.plugin.common.BinaryMessenger$BinaryReply -> e0.c$b:
    void reply(java.nio.ByteBuffer) -> a
io.flutter.plugin.common.BinaryMessenger$TaskQueue -> e0.c$c:
io.flutter.plugin.common.BinaryMessenger$TaskQueueOptions -> e0.c$d:
    boolean isSerial -> a
    boolean getIsSerial() -> a
io.flutter.plugin.common.FlutterException -> e0.d:
    java.lang.Object details -> e
    java.lang.String code -> d
io.flutter.plugin.common.JSONMessageCodec -> e0.e:
    io.flutter.plugin.common.JSONMessageCodec INSTANCE -> a
    java.nio.ByteBuffer encodeMessage(java.lang.Object) -> a
    java.lang.Object decodeMessage(java.nio.ByteBuffer) -> b
io.flutter.plugin.common.JSONMethodCodec -> e0.f:
    io.flutter.plugin.common.JSONMethodCodec INSTANCE -> a
    java.nio.ByteBuffer encodeMethodCall(io.flutter.plugin.common.MethodCall) -> a
    java.nio.ByteBuffer encodeSuccessEnvelope(java.lang.Object) -> b
    java.nio.ByteBuffer encodeErrorEnvelopeWithStacktrace(java.lang.String,java.lang.String,java.lang.Object,java.lang.String) -> c
    java.nio.ByteBuffer encodeErrorEnvelope(java.lang.String,java.lang.String,java.lang.Object) -> d
    io.flutter.plugin.common.MethodCall decodeMethodCall(java.nio.ByteBuffer) -> e
    java.lang.Object decodeEnvelope(java.nio.ByteBuffer) -> f
    java.lang.Object unwrapNull(java.lang.Object) -> g
io.flutter.plugin.common.JSONUtil -> e0.g:
    java.lang.Object wrap(java.lang.Object) -> a
io.flutter.plugin.common.MessageCodec -> e0.h:
    java.nio.ByteBuffer encodeMessage(java.lang.Object) -> a
    java.lang.Object decodeMessage(java.nio.ByteBuffer) -> b